Arguments: 
  C:\Program Files\nodejs\node.exe C:\Users\cadeb\AppData\Roaming\npm\node_modules\yarn\bin\yarn.js add vehicle-registration-plate

PATH: 
  C:\Program Files (x86)\Common Files\Oracle\Java\javapath;C:\WINDOWS\system32;C:\WINDOWS;C:\WINDOWS\System32\Wbem;C:\WINDOWS\System32\WindowsPowerShell\v1.0\;C:\WINDOWS\System32\OpenSSH\;C:\Program Files\Microsoft SQL Server\150\Tools\Binn\;C:\ProgramData\chocolatey\bin;C:\Program Files\Git\cmd;C:\Users\cadeb\flutter_windows_3.10.6-stable\flutter\bin;C:\Program Files\nodejs\;C:\Users\cadeb\AppData\Local\Programs\Python\Python311\Scripts\;C:\Users\cadeb\AppData\Local\Programs\Python\Python311\;C:\Users\cadeb\AppData\Local\Microsoft\WindowsApps;C:\Users\cadeb\AppData\Local\Programs\Microsoft VS Code\bin;C:\Program Files\JetBrains\PyCharm Community Edition 2022.3.3\bin;;C:\Users\cadeb\AppData\Roaming\npm;C:\Users\cadeb\AppData\Local\GitHubDesktop\bin

Yarn version: 
  1.22.19

Node version: 
  18.17.1

Platform: 
  win32 x64

Trace: 
  Error: https://registry.yarnpkg.com/vehicle-registration-plate: Not found
      at params.callback [as _callback] (C:\Users\cadeb\AppData\Roaming\npm\node_modules\yarn\lib\cli.js:66145:18)
      at self.callback (C:\Users\cadeb\AppData\Roaming\npm\node_modules\yarn\lib\cli.js:140890:22)
      at Request.emit (node:events:514:28)
      at Request.<anonymous> (C:\Users\cadeb\AppData\Roaming\npm\node_modules\yarn\lib\cli.js:141862:10)
      at Request.emit (node:events:514:28)
      at IncomingMessage.<anonymous> (C:\Users\cadeb\AppData\Roaming\npm\node_modules\yarn\lib\cli.js:141784:12)
      at Object.onceWrapper (node:events:628:28)
      at IncomingMessage.emit (node:events:526:35)
      at endReadableNT (node:internal/streams/readable:1359:12)
      at process.processTicksAndRejections (node:internal/process/task_queues:82:21)

npm manifest: 
  {
    "name": "meu-projeto",
    "version": "1.0.0",
    "description": "",
    "main": "index.js",
    "scripts": {
      "test": "jest"
    },
    "keywords": [],
    "author": "",
    "license": "ISC",
    "devDependencies": {
      "jest": "^29.7.0"
    }
  }

yarn manifest: 
  No manifest

Lockfile: 
  No lockfile
